C51 COMPILER V9.54   BUZZER                                                                08/08/2019 01:39:00 PAGE 1   


C51 COMPILER V9.54, COMPILATION OF MODULE BUZZER
OBJECT MODULE PLACED IN .\hex\buzzer.obj
COMPILER INVOKED BY: D:\OfficeSoftware\KEIL_C51\C51\BIN\C51.EXE buzzer.c COMPACT ROM(COMPACT) OPTIMIZE(9,SIZE) BROWSE DE
                    -BUG OBJECTEXTEND PRINT(.\lst\buzzer.lst) TABS(2) OBJECT(.\hex\buzzer.obj)

line level    source

   1          #ifndef _BUZZER_C_
   2          #define _BUZZER_C_
   3          
   4          #include "ca51f_config.h"
   5          #if (IC_TYPE == IC_TYPE_CA51F2X)
              #include "../../includes/ca51f2sfr.h"
              #include "../../includes/ca51f2xsfr.h"
              #include "../../includes/gpiodef_f2.h"
              #elif (IC_TYPE == IC_TYPE_CA51F3X)
  10          #include "../../includes/ca51f3sfr.h"
  11          #include "../../includes/ca51f3xsfr.h"
  12          #include "../../includes/gpiodef_f3.h"
  13          #endif
  14          #include "../../includes/system.h"
  15          #include "main.h"
  16          #include <intrins.h>
  17          #include "buzzer.h"
  18          
  19          
  20          #define BUZZER_IO   P34F
  21          #define BUZZER        P34
  22          
  23          
  24          #define BUZZER_ON()     (BUZZER = 1)
  25          #define BUZZER_OFF()    (BUZZER = 0)
  26          
  27          
  28          BUZZER_MODE BuzzerFlag = NOT_RING;
  29          
  30          
  31          void BuzzerGPIOInit(void)
  32          {
  33   1        GPIO_Init(BUZZER_IO,OUTPUT|PU_EN);
  34   1        //BUZZER_ON();
  35   1      }
  36          
  37          
  38          
  39          void BuzzerCrl(void)
  40          {
  41   1        static uint8_t time_count;
  42   1        static uint8_t buzzer_5ms;
  43   1        
  44   1      
  45   1        if((uint8_t)Time_ms != buzzer_5ms)
  46   1        {
  47   2          buzzer_5ms = (uint8_t)Time_ms;
  48   2          time_count++;
  49   2          switch(BuzzerFlag)
  50   2          {
  51   3            case NOT_RING:
  52   3              time_count = 0;
  53   3              BuzzerFlag = NOT_RING;
  54   3              BUZZER_OFF();   
C51 COMPILER V9.54   BUZZER                                                                08/08/2019 01:39:00 PAGE 2   

  55   3              break;
  56   3            case RING_ONCE:
  57   3              if(time_count < 15)
  58   3              {
  59   4                BUZZER_ON();
  60   4              }
  61   3              else
  62   3              {
  63   4                time_count = 0;
  64   4                BuzzerFlag = NOT_RING;
  65   4      
  66   4                BUZZER_OFF();   
  67   4      
  68   4              }
  69   3              break;
  70   3            case RING_ONCE_LONG:
  71   3              if(time_count < 40)
  72   3              {
  73   4      
  74   4                BUZZER_ON();
  75   4              }
  76   3              else
  77   3              {
  78   4                time_count = 0;
  79   4                BuzzerFlag = NOT_RING;
  80   4                BUZZER_OFF();   
  81   4      
  82   4              }
  83   3              break;        
  84   3            case RING_TWICE:      //响两下
  85   3              if(time_count < 15)
  86   3              {
  87   4                BUZZER_ON();
  88   4              }
  89   3              else if(time_count < 30)
  90   3              {
  91   4                BUZZER_OFF();   
  92   4              }
  93   3              else if(time_count < 45)
  94   3              {
  95   4                BUZZER_ON();
  96   4              }
  97   3              else
  98   3              {
  99   4                time_count = 0;
 100   4                BuzzerFlag = NOT_RING;  
 101   4                BUZZER_OFF();   
 102   4              }
 103   3              
 104   3              break;  
 105   3              case RING_CONTINUOUS:     //响两下
 106   3                BUZZER_ON();
 107   3      
 108   3              break;  
 109   3            default:
 110   3              time_count = 0;
 111   3              BuzzerFlag = NOT_RING;
 112   3              BUZZER_OFF();   
 113   3              break;
 114   3          }
 115   2      
 116   2        }
C51 COMPILER V9.54   BUZZER                                                                08/08/2019 01:39:00 PAGE 3   

 117   1      
 118   1      }
 119          
 120          void SetBuzzer(BUZZER_MODE buzzermode)
 121          {
 122   1        BuzzerFlag = buzzermode;
 123   1      }
 124          
 125          #endif
 126          


MODULE INFORMATION:   STATIC OVERLAYABLE
   CODE SIZE        =    120    ----
   CONSTANT SIZE    =   ----    ----
   XDATA SIZE       =   ----    ----
   PDATA SIZE       =      3    ----
   DATA SIZE        =   ----    ----
   IDATA SIZE       =   ----    ----
   BIT SIZE         =   ----    ----
END OF MODULE INFORMATION.


C51 COMPILATION COMPLETE.  0 WARNING(S),  0 ERROR(S)
