C51 COMPILER V9.54   DELAY                                                                 08/08/2019 01:39:00 PAGE 1   


C51 COMPILER V9.54, COMPILATION OF MODULE DELAY
OBJECT MODULE PLACED IN .\hex\delay.obj
COMPILER INVOKED BY: D:\OfficeSoftware\KEIL_C51\C51\BIN\C51.EXE ..\..\Library\Sources\delay.c COMPACT ROM(COMPACT) OPTIM
                    -IZE(9,SIZE) BROWSE DEBUG OBJECTEXTEND PRINT(.\lst\delay.lst) TABS(2) OBJECT(.\hex\delay.obj)

line level    source

   1          #ifndef _Delay_C_
   2          #define _Delay_C_
   3          #include "ca51f_config.h"
   4          #if (IC_TYPE == IC_TYPE_CA51F2X)
              #include "../../includes/ca51f2sfr.h"
              #include "../../includes/ca51f2xsfr.h"
              #include "../../includes/gpiodef_f2.h"
              #elif (IC_TYPE == IC_TYPE_CA51F3X)
   9          #include "../../includes/ca51f3sfr.h"
  10          #include "../../includes/ca51f3xsfr.h"
  11          #include "../../includes/gpiodef_f3.h"
  12          #endif
  13          /*********************************************************************************************************
             -************/
  14          void Delay_50us(unsigned int n)    
  15          {
  16   1        unsigned char i;
  17   1      #if (SYSCLK_SRC == PLL)
  18   1        n *= PLL_Multiple;
  19   1      #endif 
  20   1        
  21   1        while(n--)
  22   1        {
  23   2          for(i=0;i<15;i++);
  24   2        }
  25   1      }
  26          void Delay_ms(unsigned int n)
  27          {
  28   1        while(n--)
  29   1        {
  30   2          Delay_50us(20 * 4);
  31   2        }
  32   1        WDFLG = 0xA5;//Ë¢ÐÂ¿´ÃÅ¹·
  33   1      }
  34          
  35          
  36          void Delay_500ms(unsigned int n)
  37          {
  38   1        while(n--)
  39   1        {
  40   2          Delay_ms(500);
  41   2          
  42   2        }
  43   1      }
  44          
  45          
  46          /*********************************************************************************************************
             -************/
  47          #endif


MODULE INFORMATION:   STATIC OVERLAYABLE
   CODE SIZE        =     99    ----
   CONSTANT SIZE    =   ----    ----
C51 COMPILER V9.54   DELAY                                                                 08/08/2019 01:39:00 PAGE 2   

   XDATA SIZE       =   ----    ----
   PDATA SIZE       =   ----       4
   DATA SIZE        =   ----    ----
   IDATA SIZE       =   ----    ----
   BIT SIZE         =   ----    ----
END OF MODULE INFORMATION.


C51 COMPILATION COMPLETE.  0 WARNING(S),  0 ERROR(S)
