C51 COMPILER V9.54   MAIN                                                                  08/08/2019 01:38:59 PAGE 1   


C51 COMPILER V9.54, COMPILATION OF MODULE MAIN
OBJECT MODULE PLACED IN .\hex\main.obj
COMPILER INVOKED BY: D:\OfficeSoftware\KEIL_C51\C51\BIN\C51.EXE main.c COMPACT ROM(COMPACT) OPTIMIZE(9,SIZE) BROWSE DEBU
                    -G OBJECTEXTEND PRINT(.\lst\main.lst) TABS(2) OBJECT(.\hex\main.obj)

line level    source

   1          #ifndef _MAIN_C_
   2          #define _MAIN_C_
   3          
   4          /*********************************************************************************************************
             -************/
   5          #include "ca51f_config.h"
   6          #if (IC_TYPE == IC_TYPE_CA51F2X)
              #include "../../includes/ca51f2sfr.h"
              #include "../../includes/ca51f2xsfr.h"
              #include "../../includes/gpiodef_f2.h"
              #elif (IC_TYPE == IC_TYPE_CA51F3X)
  11          #include "../../includes/ca51f3sfr.h"
  12          #include "../../includes/ca51f3xsfr.h"
  13          #include "../../includes/gpiodef_f3.h"
  14          #endif
  15          #include "../../includes/system.h"
  16          #include "../../Library/includes/system_clock.h"
  17          #include "../../Library/includes/wdt.h"
  18          #include "../../Library/includes/uart.h"
  19          #include "../../Library/includes/delay.h"
  20          
  21          #include "TM1640.h"
  22          #include "flowfunction.h"
  23          #include "key.h"
  24          #include "buzzer.h"
  25          
  26          #include <intrins.h>
  27          
  28          //uint8_t xdata Time_10ms;
  29          uint8_t xdata Time_ms;
  30          
  31          static uint16_t timets = 0;
  32          static uint8_t  time_mst;
  33          extern uint8_t tfru_zd;
  34          extern uint8_t tfru_zdcnt;
  35          extern uint8_t tfru_zdfg;
  36          
  37          
  38          void Timer1Init(void)     //T1初始化  3.6864 MHZ/12*4       1个计数0.814us
  39          {
  40   1        TMOD = (TMOD&0xFF)|0x10;     //定时器1 模式1 16计数器  
  41   1        TH1=0xE8;TL1=0x02;    //     5ms     5,000 / 0.814 = 6142    65536-12285 = 59394
  42   1        //TH1=0xD0;TL1=0x03;  //10ms  
  43   1        
  44   1        ET1=1;
  45   1        TR1=1;
  46   1        
  47   1      }
  48          
  49          
  50          void Timer1Zd(void) interrupt 3     //定时器0中断
  51          {
  52   1        TH1=0xE8;TL1=0x02;      //5ms中断一次 
  53   1      
C51 COMPILER V9.54   MAIN                                                                  08/08/2019 01:38:59 PAGE 2   

  54   1        //TH0=0xD0;  TL0=0x03;    //10ms中断一次  
  55   1        
  56   1        Time_ms++;
  57   1        if(Time_ms == 0xff)
  58   1          Time_ms = 0;
  59   1      
  60   1      }
  61          
  62          
  63          
  64          void main(void)
  65          {
  66   1      //  uint8_t i;
  67   1      
  68   1        Sys_Clk_Set_PLL(PLL_Multiple);  //时钟初始化
  69   1      
  70   1        Timer1Init();         //timer1初始化
  71   1        BuzzerGPIOInit();       //蜂鸣器初始化
  72   1        KeyInit(KeyProcess);      //按键初始化    
  73   1        Uart0_Initial(UART0_BAUTRATE);          //串口0初始化
  74   1        TM1640Init();         //1640初始化
  75   1        
  76   1        GPIO_Init(P35F,INPUT);      //pwm
  77   1        GPIO_Init(P02F,OUTPUT);     //led
  78   1        GPIO_Init(P36F,OUTPUT);     //bump
  79   1        PUMP_OUT = PUMP_OFF;
  80   1      
  81   1        PoweroffMemoryInit();   //读数据空间
  82   1      #ifdef PRINT_EN 
                uart_printf("main  test!\r\n");
              #endif  
  85   1        //Delay_500ms(2);
  86   1        P02 = 0;
  87   1        //PUMP_OUT = PUMP_ON;
  88   1        WDT_init(WDTS_IRCH,WDRE_reset,0x708);      //设置看门狗时间为 1 秒
  89   1        EA = 1;
  90   1        while(1)
  91   1        {
  92   2          FlowProcess();
  93   2      
  94   2          WDT_FeedDog();
  95   2        }
  96   1        
  97   1        return;
  98   1      } 
  99          
 100          
 101          #endif


MODULE INFORMATION:   STATIC OVERLAYABLE
   CODE SIZE        =    129    ----
   CONSTANT SIZE    =   ----    ----
   XDATA SIZE       =      1    ----
   PDATA SIZE       =      3    ----
   DATA SIZE        =   ----    ----
   IDATA SIZE       =   ----    ----
   BIT SIZE         =   ----    ----
END OF MODULE INFORMATION.


C51 COMPILATION COMPLETE.  0 WARNING(S),  0 ERROR(S)
